<?xml version="1.0" encoding="UTF-8"?>
<testng-results ignored="0" total="1" passed="1" failed="0" skipped="0">
  <reporter-output>
  </reporter-output>
  <suite started-at="2023-06-27T20:08:52 IST" name="Suite" finished-at="2023-06-27T20:09:09 IST" duration-ms="17193">
    <groups>
    </groups>
    <test started-at="2023-06-27T20:08:52 IST" name="Test" finished-at="2023-06-27T20:09:09 IST" duration-ms="17193">
      <class name="com.learnautomation.testcases.LoginTest">
        <test-method is-config="true" signature="setupApplication()[pri:0, instance:com.learnautomation.testcases.LoginTest@3f9342d4]" started-at="2023-06-27T20:08:52 IST" name="setupApplication" finished-at="2023-06-27T20:08:56 IST" duration-ms="3330" status="PASS">
          <reporter-output>
          </reporter-output>
        </test-method> <!-- setupApplication -->
        <test-method signature="loginToApp(java.lang.String,java.lang.String)[pri:0, instance:com.learnautomation.testcases.LoginTest@3f9342d4]" started-at="2023-06-27T20:08:56 IST" name="loginToApp" data-provider="Credentials" finished-at="2023-06-27T20:09:09 IST" duration-ms="13051" status="PASS">
          <params>
            <param index="0">
              <value>
                <![CDATA[admin@gmail.com]]>
              </value>
            </param>
            <param index="1">
              <value>
                <![CDATA[admin@123]]>
              </value>
            </param>
          </params>
          <reporter-output>
          </reporter-output>
        </test-method> <!-- loginToApp -->
        <test-method is-config="true" signature="teardown()[pri:0, instance:com.learnautomation.testcases.LoginTest@3f9342d4]" started-at="2023-06-27T20:09:09 IST" name="teardown" finished-at="2023-06-27T20:09:09 IST" duration-ms="127" status="PASS">
          <reporter-output>
          </reporter-output>
        </test-method> <!-- teardown -->
      </class> <!-- com.learnautomation.testcases.LoginTest -->
    </test> <!-- Test -->
  </suite> <!-- Suite -->
</testng-results>
